0 info it worked if it ends with ok
1 verbose cli [ '/usr/local/bin/node', '/usr/local/bin/npm', 'run', 'lint' ]
2 info using npm@3.10.10
3 info using node@v6.11.2
4 verbose run-script [ 'prelint', 'lint', 'postlint' ]
5 info lifecycle react-env-test@1.0.0~prelint: react-env-test@1.0.0
6 silly lifecycle react-env-test@1.0.0~prelint: no script for prelint, continuing
7 info lifecycle react-env-test@1.0.0~lint: react-env-test@1.0.0
8 verbose lifecycle react-env-test@1.0.0~lint: unsafe-perm in lifecycle true
9 verbose lifecycle react-env-test@1.0.0~lint: PATH: /usr/local/lib/node_modules/npm/bin/node-gyp-bin:/Users/Naekh/react-redux-workout-assistant/node_modules/.bin:/Users/Naekh/.rvm/gems/ruby-2.4.1/bin:/Users/Naekh/.rvm/gems/ruby-2.4.1@global/bin:/Users/Naekh/.rvm/rubies/ruby-2.4.1/bin:./bin:./node_modules/.bin:/Users/Naekh/.rbenv/shims:/usr/local/opt/rbenv/bin:/usr/local/bin:/usr/bin:/bin:/usr/sbin:/sbin:/usr/local/sbin:/Users/Naekh/.rvm/bin
10 verbose lifecycle react-env-test@1.0.0~lint: CWD: /Users/Naekh/react-redux-workout-assistant
11 silly lifecycle react-env-test@1.0.0~lint: Args: [ '-c', 'eslint src --ext .js,.jsx --cache --fix' ]
12 silly lifecycle react-env-test@1.0.0~lint: Returned: code: 1  signal: null
13 info lifecycle react-env-test@1.0.0~lint: Failed to exec lint script
14 verbose stack Error: react-env-test@1.0.0 lint: `eslint src --ext .js,.jsx --cache --fix`
14 verbose stack Exit status 1
14 verbose stack     at EventEmitter.<anonymous> (/usr/local/lib/node_modules/npm/lib/utils/lifecycle.js:255:16)
14 verbose stack     at emitTwo (events.js:106:13)
14 verbose stack     at EventEmitter.emit (events.js:191:7)
14 verbose stack     at ChildProcess.<anonymous> (/usr/local/lib/node_modules/npm/lib/utils/spawn.js:40:14)
14 verbose stack     at emitTwo (events.js:106:13)
14 verbose stack     at ChildProcess.emit (events.js:191:7)
14 verbose stack     at maybeClose (internal/child_process.js:891:16)
14 verbose stack     at Process.ChildProcess._handle.onexit (internal/child_process.js:226:5)
15 verbose pkgid react-env-test@1.0.0
16 verbose cwd /Users/Naekh/react-redux-workout-assistant
17 error Darwin 18.0.0
18 error argv "/usr/local/bin/node" "/usr/local/bin/npm" "run" "lint"
19 error node v6.11.2
20 error npm  v3.10.10
21 error code ELIFECYCLE
22 error react-env-test@1.0.0 lint: `eslint src --ext .js,.jsx --cache --fix`
22 error Exit status 1
23 error Failed at the react-env-test@1.0.0 lint script 'eslint src --ext .js,.jsx --cache --fix'.
23 error Make sure you have the latest version of node.js and npm installed.
23 error If you do, this is most likely a problem with the react-env-test package,
23 error not with npm itself.
23 error Tell the author that this fails on your system:
23 error     eslint src --ext .js,.jsx --cache --fix
23 error You can get information on how to open an issue for this project with:
23 error     npm bugs react-env-test
23 error Or if that isn't available, you can get their info via:
23 error     npm owner ls react-env-test
23 error There is likely additional logging output above.
24 verbose exit [ 1, true ]
